<?xml version="1.0" encoding="UTF-8"?>
<!-- Generated by org.testng.reporters.JUnitReportReporter -->
<testsuite hostname="DESKTOP-3ORSLE9" failures="0" tests="1" name="testRunners.TestRunner" time="3.887" errors="0" timestamp="2025-01-09T11:36:25 IST" skipped="0">
  <testcase classname="testRunners.TestRunner" name="runScenario" time="3.887"/>
</testsuite> <!-- testRunners.TestRunner -->
