<?xml version="1.0" encoding="UTF-8"?>
<!-- Generated by org.testng.reporters.JUnitReportReporter -->
<testsuite hostname="DESKTOP-3ORSLE9" failures="0" tests="1" name="testRunners.TestRunner" time="6.955" errors="0" timestamp="2025-01-09T00:02:59 IST" skipped="0">
  <testcase classname="testRunners.TestRunner" name="runScenario" time="6.955"/>
</testsuite> <!-- testRunners.TestRunner -->
