<?xml version="1.0" encoding="UTF-8"?>
<!-- Generated by org.testng.reporters.JUnitReportReporter -->
<testsuite hostname="DESKTOP-3ORSLE9" failures="0" tests="1" name="testRunners.TestRunner" time="8.210" errors="0" timestamp="2025-01-09T00:05:14 IST" skipped="0">
  <testcase classname="testRunners.TestRunner" name="runScenario" time="8.210"/>
</testsuite> <!-- testRunners.TestRunner -->
